This is pdfTeX, Version 3.1415926-2.3-1.40.12 (MiKTeX 2.9) (preloaded format=pdflatex 2012.10.21)  27 OCT 2012 17:19
entering extended mode
**solution1.tex

("C:\Users\Vojta\Documents\Studium\IES\Problem sets\Macro A\Problem set 1\solut
ion1.tex"
LaTeX2e <2011/06/27>
Babel <v3.8m> and hyphenation patterns for english, afrikaans, ancientgreek, ar
abic, armenian, assamese, basque, bengali, bokmal, bulgarian, catalan, coptic, 
croatian, czech, danish, dutch, esperanto, estonian, farsi, finnish, french, ga
lician, german, german-x-2009-06-19, greek, gujarati, hindi, hungarian, iceland
ic, indonesian, interlingua, irish, italian, kannada, kurmanji, lao, latin, lat
vian, lithuanian, malayalam, marathi, mongolian, mongolianlmc, monogreek, ngerm
an, ngerman-x-2009-06-19, nynorsk, oriya, panjabi, pinyin, polish, portuguese, 
romanian, russian, sanskrit, serbian, slovak, slovenian, spanish, swedish, swis
sgerman, tamil, telugu, turkish, turkmen, ukenglish, ukrainian, uppersorbian, u
senglishmax, welsh, loaded.
("C:\Program Files (x86)\MiKTeX 2.9\tex\latex\base\article.cls"
Document Class: article 2007/10/19 v1.4h Standard LaTeX document class
("C:\Program Files (x86)\MiKTeX 2.9\tex\latex\base\size12.clo"
File: size12.clo 2007/10/19 v1.4h Standard LaTeX file (size option)
)
\c@part=\count79
\c@section=\count80
\c@subsection=\count81
\c@subsubsection=\count82
\c@paragraph=\count83
\c@subparagraph=\count84
\c@figure=\count85
\c@table=\count86
\abovecaptionskip=\skip41
\belowcaptionskip=\skip42
\bibindent=\dimen102
)
("C:\Program Files (x86)\MiKTeX 2.9\tex\latex\graphics\graphicx.sty"
Package: graphicx 1999/02/16 v1.0f Enhanced LaTeX Graphics (DPC,SPQR)

("C:\Program Files (x86)\MiKTeX 2.9\tex\latex\graphics\keyval.sty"
Package: keyval 1999/03/16 v1.13 key=value parser (DPC)
\KV@toks@=\toks14
)
("C:\Program Files (x86)\MiKTeX 2.9\tex\latex\graphics\graphics.sty"
Package: graphics 2009/02/05 v1.0o Standard LaTeX Graphics (DPC,SPQR)

("C:\Program Files (x86)\MiKTeX 2.9\tex\latex\graphics\trig.sty"
Package: trig 1999/03/16 v1.09 sin cos tan (DPC)
)
("C:\Program Files (x86)\MiKTeX 2.9\tex\latex\00miktex\graphics.cfg"
File: graphics.cfg 2007/01/18 v1.5 graphics configuration of teTeX/TeXLive
)
Package graphics Info: Driver file: pdftex.def on input line 91.

("C:\Program Files (x86)\MiKTeX 2.9\tex\latex\pdftex-def\pdftex.def"
File: pdftex.def 2011/05/27 v0.06d Graphics/color for pdfTeX

("C:\Program Files (x86)\MiKTeX 2.9\tex\generic\oberdiek\infwarerr.sty"
Package: infwarerr 2010/04/08 v1.3 Providing info/warning/error messages (HO)
)
("C:\Program Files (x86)\MiKTeX 2.9\tex\generic\oberdiek\ltxcmds.sty"
Package: ltxcmds 2011/11/09 v1.22 LaTeX kernel commands for general use (HO)
)
\Gread@gobject=\count87
))
\Gin@req@height=\dimen103
\Gin@req@width=\dimen104
)
("C:\Program Files (x86)\MiKTeX 2.9\tex\latex\a4wide\a4wide.sty"
Package: a4wide 1994/08/30

("C:\Program Files (x86)\MiKTeX 2.9\tex\latex\ntgclass\a4.sty"
Package: a4 2004/04/15 v1.2g A4 based page layout
))
("C:\Program Files (x86)\MiKTeX 2.9\tex\latex\subfigure\subfigure.sty"
Package: subfigure 2002/07/30 v2.1.4 subfigure package
\subfigtopskip=\skip43
\subfigcapskip=\skip44
\subfigcaptopadj=\dimen105
\subfigbottomskip=\skip45
\subfigcapmargin=\dimen106
\subfiglabelskip=\skip46
\c@subfigure=\count88
\c@lofdepth=\count89
\c@subtable=\count90
\c@lotdepth=\count91

****************************************
* Local config file subfigure.cfg used *
****************************************
("C:\Program Files (x86)\MiKTeX 2.9\tex\latex\subfigure\subfigure.cfg")
\subfig@top=\skip47
\subfig@bottom=\skip48
)
("C:\Users\Vojta\Documents\Studium\IES\Problem sets\Macro A\Problem set 1\solut
ion1.aux"

LaTeX Warning: Label `1a:gpd1975' multiply defined.


LaTeX Warning: Label `sub@1a:gpd1975' multiply defined.


LaTeX Warning: Label `1a:gpd1985' multiply defined.


LaTeX Warning: Label `sub@1a:gpd1985' multiply defined.


LaTeX Warning: Label `1a:gpd1995' multiply defined.


LaTeX Warning: Label `sub@1a:gpd1995' multiply defined.


LaTeX Warning: Label `1a:gpd1975' multiply defined.


LaTeX Warning: Label `sub@1a:gpd1975' multiply defined.


LaTeX Warning: Label `1a:gpd1985' multiply defined.


LaTeX Warning: Label `sub@1a:gpd1985' multiply defined.


LaTeX Warning: Label `1a:gpd1995' multiply defined.


LaTeX Warning: Label `sub@1a:gpd1995' multiply defined.

)
LaTeX Font Info:    Checking defaults for OML/cmm/m/it on input line 27.
LaTeX Font Info:    ... okay on input line 27.
LaTeX Font Info:    Checking defaults for T1/cmr/m/n on input line 27.
LaTeX Font Info:    ... okay on input line 27.
LaTeX Font Info:    Checking defaults for OT1/cmr/m/n on input line 27.
LaTeX Font Info:    ... okay on input line 27.
LaTeX Font Info:    Checking defaults for OMS/cmsy/m/n on input line 27.
LaTeX Font Info:    ... okay on input line 27.
LaTeX Font Info:    Checking defaults for OMX/cmex/m/n on input line 27.
LaTeX Font Info:    ... okay on input line 27.
LaTeX Font Info:    Checking defaults for U/cmr/m/n on input line 27.
LaTeX Font Info:    ... okay on input line 27.
 ("C:\Program Files (x86)\MiKTeX 2.9\tex\context\base\supp-pdf.mkii"
[Loading MPS to PDF converter (version 2006.09.02).]
\scratchcounter=\count92
\scratchdimen=\dimen107
\scratchbox=\box26
\nofMPsegments=\count93
\nofMParguments=\count94
\everyMPshowfont=\toks15
\MPscratchCnt=\count95
\MPscratchDim=\dimen108
\MPnumerator=\count96
\makeMPintoPDFobject=\count97
\everyMPtoPDFconversion=\toks16
)
LaTeX Font Info:    External font `cmex10' loaded for size
(Font)              <14.4> on input line 29.
LaTeX Font Info:    External font `cmex10' loaded for size
(Font)              <7> on input line 29.
 [1

{C:/Users/Vojta/AppData/Local/MiKTeX/2.9/pdftex/config/pdftex.map}]
<parts/1a_1.pdf, id=7, 271.0125pt x 189.70876pt>
File: parts/1a_1.pdf Graphic file (type pdf)
 <use parts/1a_1.pdf>
Package pdftex.def Info: parts/1a_1.pdf used on input line 42.
(pdftex.def)             Requested size: 189.70744pt x 132.79521pt.

<parts/1a_2.pdf, id=8, 271.0125pt x 189.70876pt>
File: parts/1a_2.pdf Graphic file (type pdf)
 <use parts/1a_2.pdf>
Package pdftex.def Info: parts/1a_2.pdf used on input line 46.
(pdftex.def)             Requested size: 189.70744pt x 132.79521pt.

<parts/1a_3.pdf, id=9, 271.0125pt x 189.70876pt>
File: parts/1a_3.pdf Graphic file (type pdf)
 <use parts/1a_3.pdf>
Package pdftex.def Info: parts/1a_3.pdf used on input line 50.
(pdftex.def)             Requested size: 189.70744pt x 132.79521pt.

<parts/1a_4.pdf, id=10, 271.0125pt x 189.70876pt>
File: parts/1a_4.pdf Graphic file (type pdf)
 <use parts/1a_4.pdf>
Package pdftex.def Info: parts/1a_4.pdf used on input line 54.
(pdftex.def)             Requested size: 189.70744pt x 132.79521pt.
 [2

 <C:/Users/Vojta/Documents/Studium/IES/Problem sets/Macro A/Problem set 1/parts
/1a_1.pdf> <C:/Users/Vojta/Documents/Studium/IES/Problem sets/Macro A/Problem s
et 1/parts/1a_2.pdf> <C:/Users/Vojta/Documents/Studium/IES/Problem sets/Macro A
/Problem set 1/parts/1a_3.pdf> <C:/Users/Vojta/Documents/Studium/IES/Problem se
ts/Macro A/Problem set 1/parts/1a_4.pdf>]
<parts/1a_5.pdf, id=48, 361.35pt x 252.945pt>
File: parts/1a_5.pdf Graphic file (type pdf)
 <use parts/1a_5.pdf>
Package pdftex.def Info: parts/1a_5.pdf used on input line 73.
(pdftex.def)             Requested size: 108.40584pt x 75.88408pt.

<parts/1a_6.pdf, id=49, 361.35pt x 252.945pt>
File: parts/1a_6.pdf Graphic file (type pdf)
 <use parts/1a_6.pdf>
Package pdftex.def Info: parts/1a_6.pdf used on input line 77.
(pdftex.def)             Requested size: 108.40584pt x 75.88408pt.

<parts/1a_7.pdf, id=50, 361.35pt x 252.945pt>
File: parts/1a_7.pdf Graphic file (type pdf)
 <use parts/1a_7.pdf>
Package pdftex.def Info: parts/1a_7.pdf used on input line 81.
(pdftex.def)             Requested size: 108.40584pt x 75.88408pt.

<parts/1a_8.pdf, id=51, 361.35pt x 252.945pt>
File: parts/1a_8.pdf Graphic file (type pdf)
 <use parts/1a_8.pdf>
Package pdftex.def Info: parts/1a_8.pdf used on input line 92.
(pdftex.def)             Requested size: 108.40584pt x 75.88408pt.

<parts/1a_9.pdf, id=52, 361.35pt x 252.945pt>
File: parts/1a_9.pdf Graphic file (type pdf)
 <use parts/1a_9.pdf>
Package pdftex.def Info: parts/1a_9.pdf used on input line 96.
(pdftex.def)             Requested size: 108.40584pt x 75.88408pt.

<parts/1a_10.pdf, id=53, 361.35pt x 252.945pt>
File: parts/1a_10.pdf Graphic file (type pdf)
 <use parts/1a_10.pdf>
Package pdftex.def Info: parts/1a_10.pdf used on input line 100.
(pdftex.def)             Requested size: 108.40584pt x 75.88408pt.
 [3

 <C:/Users/Vojta/Documents/Studium/IES/Problem sets/Macro A/Problem set 1/parts
/1a_5.pdf> <C:/Users/Vojta/Documents/Studium/IES/Problem sets/Macro A/Problem s
et 1/parts/1a_6.pdf> <C:/Users/Vojta/Documents/Studium/IES/Problem sets/Macro A
/Problem set 1/parts/1a_7.pdf> <C:/Users/Vojta/Documents/Studium/IES/Problem se
ts/Macro A/Problem set 1/parts/1a_8.pdf> <C:/Users/Vojta/Documents/Studium/IES/
Problem sets/Macro A/Problem set 1/parts/1a_9.pdf> <C:/Users/Vojta/Documents/St
udium/IES/Problem sets/Macro A/Problem set 1/parts/1a_10.pdf>]
("C:\Users\Vojta\Documents\Studium\IES\Problem sets\Macro A\Problem set 1\solut
ion1.aux")

LaTeX Warning: There were multiply-defined labels.

 ) 
Here is how much of TeX's memory you used:
 1366 strings out of 494045
 18965 string characters out of 3145968
 66048 words of memory out of 3000000
 4682 multiletter control sequences out of 15000+200000
 6063 words of font info for 22 fonts, out of 3000000 for 9000
 715 hyphenation exceptions out of 8191
 27i,7n,24p,221b,246s stack positions out of 5000i,500n,10000p,200000b,50000s
<C:/Program Files (x86)/MiKTeX 2.9/fonts/type1/public/amsfonts/cm/cmbx12.pfb>
<C:/Program Files (x86)/MiKTeX 2.9/fonts/type1/public/amsfonts/cm/cmr12.pfb><C:
/Program Files (x86)/MiKTeX 2.9/fonts/type1/public/amsfonts/cm/cmr17.pfb>
Output written on solution1.pdf (3 pages, 150139 bytes).
PDF statistics:
 116 PDF objects out of 1000 (max. 8388607)
 0 named destinations out of 1000 (max. 500000)
 51 words of extra memory for PDF output out of 10000 (max. 10000000)

